#-----------------------------------------------------------
# Vivado v2018.2 (64-bit)
# SW Build 2258646 on Thu Jun 14 20:03:12 MDT 2018
# IP Build 2256618 on Thu Jun 14 22:10:49 MDT 2018
# Start of session at: Wed Nov  8 14:11:27 2023
# Process ID: 2372
# Current directory: C:/Users/user/Desktop/DOP_Zmeika
# Command line: vivado.exe -gui_launcher_event rodinguilauncherevent30608 C:\Users\user\Desktop\DOP_Zmeika\DOP_Zmeika.xpr
# Log file: C:/Users/user/Desktop/DOP_Zmeika/vivado.log
# Journal file: C:/Users/user/Desktop/DOP_Zmeika\vivado.jou
#-----------------------------------------------------------
start_gui
open_project C:/Users/user/Desktop/DOP_Zmeika/DOP_Zmeika.xpr
INFO: [Project 1-313] Project file moved from 'C:/POCP/DOP_Zmeika' since last save.
Scanning sources...
Finished scanning sources
INFO: [IP_Flow 19-234] Refreshing IP repositories
INFO: [IP_Flow 19-1704] No user IP repositories specified
INFO: [IP_Flow 19-2313] Loaded Vivado IP repository 'D:/Xilinx/Vivado/2018.2/data/ip'.
open_project: Time (s): cpu = 00:00:10 ; elapsed = 00:00:07 . Memory (MB): peak = 917.668 ; gain = 158.145
update_compile_order -fileset sources_1
exit
INFO: [Common 17-206] Exiting Vivado at Wed Nov  8 14:12:26 2023...
