#-----------------------------------------------------------
# Vivado v2018.2 (64-bit)
# SW Build 2258646 on Thu Jun 14 20:03:12 MDT 2018
# IP Build 2256618 on Thu Jun 14 22:10:49 MDT 2018
# Start of session at: Mon Oct 30 18:01:10 2023
# Process ID: 22660
# Current directory: D:/DigitalDesignBasics/LR4
# Command line: vivado.exe -gui_launcher_event rodinguilauncherevent7032 D:\DigitalDesignBasics\LR4\LR4.xpr
# Log file: D:/DigitalDesignBasics/LR4/vivado.log
# Journal file: D:/DigitalDesignBasics/LR4\vivado.jou
#-----------------------------------------------------------
start_gui
open_project D:/DigitalDesignBasics/LR4/LR4.xpr
Scanning sources...
Finished scanning sources
INFO: [IP_Flow 19-234] Refreshing IP repositories
INFO: [IP_Flow 19-1704] No user IP repositories specified
INFO: [IP_Flow 19-2313] Loaded Vivado IP repository 'D:/Xilinx/Vivado/2018.2/data/ip'.
open_project: Time (s): cpu = 00:00:07 ; elapsed = 00:00:06 . Memory (MB): peak = 889.773 ; gain = 132.480
update_compile_order -fileset sources_1
exit
INFO: [Common 17-206] Exiting Vivado at Mon Oct 30 18:27:41 2023...
