#-----------------------------------------------------------
# Vivado v2018.2 (64-bit)
# SW Build 2258646 on Thu Jun 14 20:03:12 MDT 2018
# IP Build 2256618 on Thu Jun 14 22:10:49 MDT 2018
# Start of session at: Fri Nov 24 06:30:51 2023
# Process ID: 13832
# Current directory: D:/vivado/LR4
# Command line: vivado.exe -gui_launcher_event rodinguilauncherevent3768 D:\vivado\LR4\LR4.xpr
# Log file: D:/vivado/LR4/vivado.log
# Journal file: D:/vivado/LR4\vivado.jou
#-----------------------------------------------------------
start_gui
open_project D:/vivado/LR4/LR4.xpr
INFO: [Project 1-313] Project file moved from 'D:/DigitalDesignBasics/LR4' since last save.
Scanning sources...
Finished scanning sources
INFO: [IP_Flow 19-234] Refreshing IP repositories
INFO: [IP_Flow 19-1704] No user IP repositories specified
INFO: [IP_Flow 19-2313] Loaded Vivado IP repository 'C:/Xilinx/Vivado/2018.2/data/ip'.
open_project: Time (s): cpu = 00:00:09 ; elapsed = 00:00:13 . Memory (MB): peak = 888.180 ; gain = 144.887
update_compile_order -fileset sources_1
update_ip_catalog
update_ip_catalog
exit
INFO: [Common 17-206] Exiting Vivado at Fri Nov 24 11:32:45 2023...
